2026-05-17 10:54:31,688 [INFO] Loading YOLO model: models/best.pt
2026-05-17 10:54:32,220 [INFO] Loading ArcFace model: models/w600k_r50.onnx
2026-05-17 10:54:38,686 [INFO] Total faces in DB: 12
2026-05-17 10:54:40,711 [INFO] VideoStream started.
2026-05-17 10:54:40,711 [INFO] Starting main loop. DISPLAY_OUTPUT=True
2026-05-17 10:56:51,915 [INFO] Quit signal received.
2026-05-17 10:56:51,978 [INFO] VideoStream stopped.
2026-05-17 10:56:52,004 [INFO] Shutdown complete.
2026-05-21 16:49:54,161 [INFO] Loading YOLO model: models/best.pt
2026-05-21 16:49:54,691 [INFO] Loading ArcFace model: models/w600k_r50.onnx
2026-05-21 16:50:01,253 [INFO] Total faces in DB: 12
2026-05-21 16:52:14,593 [INFO] Loading YOLO model: models/best.pt
2026-05-21 16:52:14,838 [INFO] Loading ArcFace model: models/w600k_r50.onnx
2026-05-21 16:52:18,010 [INFO] Total faces in DB: 12
2026-05-21 16:52:19,350 [INFO] VideoStream started.
2026-05-21 16:52:19,350 [INFO] Starting main loop. DISPLAY_OUTPUT=True
2026-05-21 16:53:41,734 [INFO] Quit signal received.
2026-05-21 16:53:41,784 [INFO] VideoStream stopped.
2026-05-21 16:53:41,807 [INFO] Shutdown complete.
2026-05-21 17:05:51,249 [INFO] Loading YOLO model: models/best.pt
2026-05-21 17:05:51,953 [INFO] Loading ArcFace model: models/w600k_r50.onnx
2026-05-21 17:05:58,870 [INFO] Total faces in DB: 12
2026-05-21 17:06:00,206 [INFO] VideoStream started.
2026-05-21 17:06:00,206 [INFO] Starting main loop. DISPLAY_OUTPUT=True
2026-05-21 17:07:24,459 [INFO] Quit signal received.
2026-05-21 17:07:24,489 [INFO] VideoStream stopped.
2026-05-21 17:07:24,553 [INFO] Shutdown complete.
